Build started 15/01/2014 22:49:24.
     1>Project "C:\Documents and Settings\Administrator\Desktop\tugas\grafkom\lighting\lighting\lighting.vcxproj" on node 2 (build target(s)).
     1>InitializeBuildStatus:
         Creating "Debug\lighting.unsuccessfulbuild" because "AlwaysCreate" was specified.
       ClCompile:
         c:\Program Files\Microsoft Visual Studio 10.0\VC\bin\CL.exe /c /ZI /nologo /W3 /WX- /Od /Oy- /D _MBCS /Gm /EHsc /RTC1 /MDd /GS /fp:precise /Zc:wchar_t /Zc:forScope /Fo"Debug\\" /Fd"Debug\vc100.pdb" /Gd /TP /analyze- /errorReport:prompt lighting.cpp
         lighting.cpp
     1>c:\documents and settings\administrator\desktop\tugas\grafkom\lighting\lighting\lighting.cpp(52): warning C4996: 'vsprintf': This function or variable may be unsafe. Consider using vsprintf_s instead. To disable deprecation, use _CRT_SECURE_NO_WARNINGS. See online help for details.
                 c:\program files\microsoft visual studio 10.0\vc\include\stdio.h(371) : see declaration of 'vsprintf'
       Link:
         c:\Program Files\Microsoft Visual Studio 10.0\VC\bin\link.exe /ERRORREPORT:PROMPT /OUT:"C:\Documents and Settings\Administrator\Desktop\tugas\grafkom\lighting\Debug\lighting.exe" /NOLOGO kernel32.lib user32.lib gdi32.lib winspool.lib comdlg32.lib advapi32.lib shell32.lib ole32.lib oleaut32.lib uuid.lib odbc32.lib odbccp32.lib /MANIFEST /ManifestFile:"Debug\lighting.exe.intermediate.manifest" /MANIFESTUAC:"level='asInvoker' uiAccess='false'" /DEBUG /PDB:"C:\Documents and Settings\Administrator\Desktop\tugas\grafkom\lighting\Debug\lighting.pdb" /TLBID:1 /DYNAMICBASE /NXCOMPAT /IMPLIB:"C:\Documents and Settings\Administrator\Desktop\tugas\grafkom\lighting\Debug\lighting.lib" /MACHINE:X86 Debug\lighting.obj
         LINK : C:\Documents and Settings\Administrator\Desktop\tugas\grafkom\lighting\Debug\lighting.exe not found or not built by the last incremental link; performing full link
         lighting.vcxproj -> C:\Documents and Settings\Administrator\Desktop\tugas\grafkom\lighting\Debug\lighting.exe
       Manifest:
         C:\Program Files\Microsoft SDKs\Windows\v7.0A\bin\mt.exe /nologo /verbose /outputresource:"C:\Documents and Settings\Administrator\Desktop\tugas\grafkom\lighting\Debug\lighting.exe;#1" /manifest Debug\lighting.exe.intermediate.manifest
       FinalizeBuildStatus:
         Deleting file "Debug\lighting.unsuccessfulbuild".
         Touching "Debug\lighting.lastbuildstate".
     1>Done Building Project "C:\Documents and Settings\Administrator\Desktop\tugas\grafkom\lighting\lighting\lighting.vcxproj" (build target(s)).

Build succeeded.

Time Elapsed 00:00:02.18
